0 info it worked if it ends with ok
1 verbose cli [ '/usr/local/bin/node', '/usr/local/bin/npm', 'install' ]
2 info using npm@1.4.28
3 info using node@v0.10.33
4 verbose readDependencies using package.json deps
5 verbose install where, deps [ '/home/graham/Desktop/Programs/OOSE/ShuqGithub/Shuq/backend/ShuqServer/app',
5 verbose install   [ 'express',
5 verbose install     'body-parser',
5 verbose install     'cookie-parser',
5 verbose install     'morgan',
5 verbose install     'serve-favicon',
5 verbose install     'debug',
5 verbose install     'jade' ] ]
6 info preinstall app@0.0.0
7 verbose readDependencies using package.json deps
8 verbose cache add [ 'express@~4.9.0', null ]
9 verbose cache add name=undefined spec="express@~4.9.0" args=["express@~4.9.0",null]
10 verbose parsed url { protocol: null,
10 verbose parsed url   slashes: null,
10 verbose parsed url   auth: null,
10 verbose parsed url   host: null,
10 verbose parsed url   port: null,
10 verbose parsed url   hostname: null,
10 verbose parsed url   hash: null,
10 verbose parsed url   search: null,
10 verbose parsed url   query: null,
10 verbose parsed url   pathname: 'express@~4.9.0',
10 verbose parsed url   path: 'express@~4.9.0',
10 verbose parsed url   href: 'express@~4.9.0' }
11 verbose cache add [ 'body-parser@~1.8.1', null ]
12 verbose cache add name=undefined spec="body-parser@~1.8.1" args=["body-parser@~1.8.1",null]
13 verbose parsed url { protocol: null,
13 verbose parsed url   slashes: null,
13 verbose parsed url   auth: null,
13 verbose parsed url   host: null,
13 verbose parsed url   port: null,
13 verbose parsed url   hostname: null,
13 verbose parsed url   hash: null,
13 verbose parsed url   search: null,
13 verbose parsed url   query: null,
13 verbose parsed url   pathname: 'body-parser@~1.8.1',
13 verbose parsed url   path: 'body-parser@~1.8.1',
13 verbose parsed url   href: 'body-parser@~1.8.1' }
14 verbose cache add [ 'cookie-parser@~1.3.3', null ]
15 verbose cache add name=undefined spec="cookie-parser@~1.3.3" args=["cookie-parser@~1.3.3",null]
16 verbose parsed url { protocol: null,
16 verbose parsed url   slashes: null,
16 verbose parsed url   auth: null,
16 verbose parsed url   host: null,
16 verbose parsed url   port: null,
16 verbose parsed url   hostname: null,
16 verbose parsed url   hash: null,
16 verbose parsed url   search: null,
16 verbose parsed url   query: null,
16 verbose parsed url   pathname: 'cookie-parser@~1.3.3',
16 verbose parsed url   path: 'cookie-parser@~1.3.3',
16 verbose parsed url   href: 'cookie-parser@~1.3.3' }
17 verbose cache add [ 'morgan@~1.3.0', null ]
18 verbose cache add name=undefined spec="morgan@~1.3.0" args=["morgan@~1.3.0",null]
19 verbose parsed url { protocol: null,
19 verbose parsed url   slashes: null,
19 verbose parsed url   auth: null,
19 verbose parsed url   host: null,
19 verbose parsed url   port: null,
19 verbose parsed url   hostname: null,
19 verbose parsed url   hash: null,
19 verbose parsed url   search: null,
19 verbose parsed url   query: null,
19 verbose parsed url   pathname: 'morgan@~1.3.0',
19 verbose parsed url   path: 'morgan@~1.3.0',
19 verbose parsed url   href: 'morgan@~1.3.0' }
20 verbose cache add [ 'serve-favicon@~2.1.3', null ]
21 verbose cache add name=undefined spec="serve-favicon@~2.1.3" args=["serve-favicon@~2.1.3",null]
22 verbose parsed url { protocol: null,
22 verbose parsed url   slashes: null,
22 verbose parsed url   auth: null,
22 verbose parsed url   host: null,
22 verbose parsed url   port: null,
22 verbose parsed url   hostname: null,
22 verbose parsed url   hash: null,
22 verbose parsed url   search: null,
22 verbose parsed url   query: null,
22 verbose parsed url   pathname: 'serve-favicon@~2.1.3',
22 verbose parsed url   path: 'serve-favicon@~2.1.3',
22 verbose parsed url   href: 'serve-favicon@~2.1.3' }
23 verbose cache add [ 'debug@~2.0.0', null ]
24 verbose cache add name=undefined spec="debug@~2.0.0" args=["debug@~2.0.0",null]
25 verbose parsed url { protocol: null,
25 verbose parsed url   slashes: null,
25 verbose parsed url   auth: null,
25 verbose parsed url   host: null,
25 verbose parsed url   port: null,
25 verbose parsed url   hostname: null,
25 verbose parsed url   hash: null,
25 verbose parsed url   search: null,
25 verbose parsed url   query: null,
25 verbose parsed url   pathname: 'debug@~2.0.0',
25 verbose parsed url   path: 'debug@~2.0.0',
25 verbose parsed url   href: 'debug@~2.0.0' }
26 verbose cache add name="express" spec="~4.9.0" args=["express","~4.9.0"]
27 verbose parsed url { protocol: null,
27 verbose parsed url   slashes: null,
27 verbose parsed url   auth: null,
27 verbose parsed url   host: null,
27 verbose parsed url   port: null,
27 verbose parsed url   hostname: null,
27 verbose parsed url   hash: null,
27 verbose parsed url   search: null,
27 verbose parsed url   query: null,
27 verbose parsed url   pathname: '~4.9.0',
27 verbose parsed url   path: '~4.9.0',
27 verbose parsed url   href: '~4.9.0' }
28 verbose addNamed [ 'express', '~4.9.0' ]
29 verbose addNamed [ null, '>=4.9.0-0 <4.10.0-0' ]
30 verbose cache add name="body-parser" spec="~1.8.1" args=["body-parser","~1.8.1"]
31 verbose parsed url { protocol: null,
31 verbose parsed url   slashes: null,
31 verbose parsed url   auth: null,
31 verbose parsed url   host: null,
31 verbose parsed url   port: null,
31 verbose parsed url   hostname: null,
31 verbose parsed url   hash: null,
31 verbose parsed url   search: null,
31 verbose parsed url   query: null,
31 verbose parsed url   pathname: '~1.8.1',
31 verbose parsed url   path: '~1.8.1',
31 verbose parsed url   href: '~1.8.1' }
32 verbose addNamed [ 'body-parser', '~1.8.1' ]
33 verbose addNamed [ null, '>=1.8.1-0 <1.9.0-0' ]
34 verbose cache add name="cookie-parser" spec="~1.3.3" args=["cookie-parser","~1.3.3"]
35 verbose parsed url { protocol: null,
35 verbose parsed url   slashes: null,
35 verbose parsed url   auth: null,
35 verbose parsed url   host: null,
35 verbose parsed url   port: null,
35 verbose parsed url   hostname: null,
35 verbose parsed url   hash: null,
35 verbose parsed url   search: null,
35 verbose parsed url   query: null,
35 verbose parsed url   pathname: '~1.3.3',
35 verbose parsed url   path: '~1.3.3',
35 verbose parsed url   href: '~1.3.3' }
36 verbose addNamed [ 'cookie-parser', '~1.3.3' ]
37 verbose addNamed [ null, '>=1.3.3-0 <1.4.0-0' ]
38 verbose cache add name="morgan" spec="~1.3.0" args=["morgan","~1.3.0"]
39 verbose parsed url { protocol: null,
39 verbose parsed url   slashes: null,
39 verbose parsed url   auth: null,
39 verbose parsed url   host: null,
39 verbose parsed url   port: null,
39 verbose parsed url   hostname: null,
39 verbose parsed url   hash: null,
39 verbose parsed url   search: null,
39 verbose parsed url   query: null,
39 verbose parsed url   pathname: '~1.3.0',
39 verbose parsed url   path: '~1.3.0',
39 verbose parsed url   href: '~1.3.0' }
40 verbose addNamed [ 'morgan', '~1.3.0' ]
41 verbose addNamed [ null, '>=1.3.0-0 <1.4.0-0' ]
42 verbose cache add name="serve-favicon" spec="~2.1.3" args=["serve-favicon","~2.1.3"]
43 verbose parsed url { protocol: null,
43 verbose parsed url   slashes: null,
43 verbose parsed url   auth: null,
43 verbose parsed url   host: null,
43 verbose parsed url   port: null,
43 verbose parsed url   hostname: null,
43 verbose parsed url   hash: null,
43 verbose parsed url   search: null,
43 verbose parsed url   query: null,
43 verbose parsed url   pathname: '~2.1.3',
43 verbose parsed url   path: '~2.1.3',
43 verbose parsed url   href: '~2.1.3' }
44 verbose addNamed [ 'serve-favicon', '~2.1.3' ]
45 verbose addNamed [ null, '>=2.1.3-0 <2.2.0-0' ]
46 verbose cache add name="debug" spec="~2.0.0" args=["debug","~2.0.0"]
47 verbose parsed url { protocol: null,
47 verbose parsed url   slashes: null,
47 verbose parsed url   auth: null,
47 verbose parsed url   host: null,
47 verbose parsed url   port: null,
47 verbose parsed url   hostname: null,
47 verbose parsed url   hash: null,
47 verbose parsed url   search: null,
47 verbose parsed url   query: null,
47 verbose parsed url   pathname: '~2.0.0',
47 verbose parsed url   path: '~2.0.0',
47 verbose parsed url   href: '~2.0.0' }
48 verbose addNamed [ 'debug', '~2.0.0' ]
49 verbose addNamed [ null, '>=2.0.0-0 <2.1.0-0' ]
50 verbose cache add [ 'jade@~1.6.0', null ]
51 verbose cache add name=undefined spec="jade@~1.6.0" args=["jade@~1.6.0",null]
52 verbose parsed url { protocol: null,
52 verbose parsed url   slashes: null,
52 verbose parsed url   auth: null,
52 verbose parsed url   host: null,
52 verbose parsed url   port: null,
52 verbose parsed url   hostname: null,
52 verbose parsed url   hash: null,
52 verbose parsed url   search: null,
52 verbose parsed url   query: null,
52 verbose parsed url   pathname: 'jade@~1.6.0',
52 verbose parsed url   path: 'jade@~1.6.0',
52 verbose parsed url   href: 'jade@~1.6.0' }
53 silly lockFile 6ae7fa08-express-4-9-0 express@~4.9.0
54 verbose lock express@~4.9.0 /home/graham/.npm/6ae7fa08-express-4-9-0.lock
55 silly lockFile a49948c1-body-parser-1-8-1 body-parser@~1.8.1
56 verbose lock body-parser@~1.8.1 /home/graham/.npm/a49948c1-body-parser-1-8-1.lock
57 silly lockFile bf5babd8-cookie-parser-1-3-3 cookie-parser@~1.3.3
58 verbose lock cookie-parser@~1.3.3 /home/graham/.npm/bf5babd8-cookie-parser-1-3-3.lock
59 silly lockFile a4a9bdf4-morgan-1-3-0 morgan@~1.3.0
60 verbose lock morgan@~1.3.0 /home/graham/.npm/a4a9bdf4-morgan-1-3-0.lock
61 silly lockFile 38295489-serve-favicon-2-1-3 serve-favicon@~2.1.3
62 verbose lock serve-favicon@~2.1.3 /home/graham/.npm/38295489-serve-favicon-2-1-3.lock
63 silly lockFile 12b6356d-debug-2-0-0 debug@~2.0.0
64 verbose lock debug@~2.0.0 /home/graham/.npm/12b6356d-debug-2-0-0.lock
65 verbose cache add name="jade" spec="~1.6.0" args=["jade","~1.6.0"]
66 verbose parsed url { protocol: null,
66 verbose parsed url   slashes: null,
66 verbose parsed url   auth: null,
66 verbose parsed url   host: null,
66 verbose parsed url   port: null,
66 verbose parsed url   hostname: null,
66 verbose parsed url   hash: null,
66 verbose parsed url   search: null,
66 verbose parsed url   query: null,
66 verbose parsed url   pathname: '~1.6.0',
66 verbose parsed url   path: '~1.6.0',
66 verbose parsed url   href: '~1.6.0' }
67 verbose addNamed [ 'jade', '~1.6.0' ]
68 verbose addNamed [ null, '>=1.6.0-0 <1.7.0-0' ]
69 silly lockFile ad8c17a8-jade-1-6-0 jade@~1.6.0
70 verbose lock jade@~1.6.0 /home/graham/.npm/ad8c17a8-jade-1-6-0.lock
71 silly addNameRange { name: 'express', range: '>=4.9.0-0 <4.10.0-0', hasData: false }
72 silly addNameRange { name: 'serve-favicon',
72 silly addNameRange   range: '>=2.1.3-0 <2.2.0-0',
72 silly addNameRange   hasData: false }
73 silly addNameRange { name: 'body-parser',
73 silly addNameRange   range: '>=1.8.1-0 <1.9.0-0',
73 silly addNameRange   hasData: false }
74 silly addNameRange { name: 'debug', range: '>=2.0.0-0 <2.1.0-0', hasData: false }
75 silly addNameRange { name: 'cookie-parser',
75 silly addNameRange   range: '>=1.3.3-0 <1.4.0-0',
75 silly addNameRange   hasData: false }
76 silly addNameRange { name: 'morgan', range: '>=1.3.0-0 <1.4.0-0', hasData: false }
77 silly addNameRange { name: 'jade', range: '>=1.6.0-0 <1.7.0-0', hasData: false }
78 verbose request where is /serve-favicon
79 verbose request registry http://registry.npmjs.org/
80 verbose request id e86f873fc7cedd0c
81 verbose url raw /serve-favicon
82 verbose url resolving [ 'http://registry.npmjs.org/', './serve-favicon' ]
83 verbose url resolved http://registry.npmjs.org/serve-favicon
84 verbose request where is http://registry.npmjs.org/serve-favicon
85 info trying registry request attempt 1 at 01:07:01
86 http GET http://registry.npmjs.org/serve-favicon
87 verbose request where is /body-parser
88 verbose request registry http://registry.npmjs.org/
89 verbose url raw /body-parser
90 verbose url resolving [ 'http://registry.npmjs.org/', './body-parser' ]
91 verbose url resolved http://registry.npmjs.org/body-parser
92 verbose request where is http://registry.npmjs.org/body-parser
93 info trying registry request attempt 1 at 01:07:01
94 http GET http://registry.npmjs.org/body-parser
95 verbose request where is /cookie-parser
96 verbose request registry http://registry.npmjs.org/
97 verbose url raw /cookie-parser
98 verbose url resolving [ 'http://registry.npmjs.org/', './cookie-parser' ]
99 verbose url resolved http://registry.npmjs.org/cookie-parser
100 verbose request where is http://registry.npmjs.org/cookie-parser
101 info trying registry request attempt 1 at 01:07:01
102 http GET http://registry.npmjs.org/cookie-parser
103 verbose request where is /morgan
104 verbose request registry http://registry.npmjs.org/
105 verbose url raw /morgan
106 verbose url resolving [ 'http://registry.npmjs.org/', './morgan' ]
107 verbose url resolved http://registry.npmjs.org/morgan
108 verbose request where is http://registry.npmjs.org/morgan
109 info trying registry request attempt 1 at 01:07:01
110 http GET http://registry.npmjs.org/morgan
111 verbose request where is /jade
112 verbose request registry http://registry.npmjs.org/
113 verbose url raw /jade
114 verbose url resolving [ 'http://registry.npmjs.org/', './jade' ]
115 verbose url resolved http://registry.npmjs.org/jade
116 verbose request where is http://registry.npmjs.org/jade
117 info trying registry request attempt 1 at 01:07:01
118 http GET http://registry.npmjs.org/jade
119 verbose request where is /express
120 verbose request registry http://registry.npmjs.org/
121 verbose url raw /express
122 verbose url resolving [ 'http://registry.npmjs.org/', './express' ]
123 verbose url resolved http://registry.npmjs.org/express
124 verbose request where is http://registry.npmjs.org/express
125 info trying registry request attempt 1 at 01:07:01
126 verbose etag "4S43F3PLUS7W9HE2GTWOWGR0X"
127 http GET http://registry.npmjs.org/express
128 verbose request where is /debug
129 verbose request registry http://registry.npmjs.org/
130 verbose url raw /debug
131 verbose url resolving [ 'http://registry.npmjs.org/', './debug' ]
132 verbose url resolved http://registry.npmjs.org/debug
133 verbose request where is http://registry.npmjs.org/debug
134 info trying registry request attempt 1 at 01:07:01
135 verbose etag "BWMD72JWBAIND5V8QRU6MMLCL"
136 http GET http://registry.npmjs.org/debug
137 http 200 http://registry.npmjs.org/serve-favicon
138 silly registry.get cb [ 200,
138 silly registry.get   { server: 'CouchDB/1.5.0 (Erlang OTP/R16B03)',
138 silly registry.get     etag: '"DQNCEOV1TU804V1DNRWACLPFP"',
138 silly registry.get     'content-type': 'application/json',
138 silly registry.get     'cache-control': 'max-age=60',
138 silly registry.get     'content-length': '16887',
138 silly registry.get     'accept-ranges': 'bytes',
138 silly registry.get     date: 'Fri, 31 Oct 2014 05:07:02 GMT',
138 silly registry.get     via: '1.1 varnish',
138 silly registry.get     age: '0',
138 silly registry.get     connection: 'keep-alive',
138 silly registry.get     'x-served-by': 'cache-jfk1024-JFK',
138 silly registry.get     'x-cache': 'HIT',
138 silly registry.get     'x-cache-hits': '1',
138 silly registry.get     'x-timer': 'S1414732022.610344,VS0,VE25',
138 silly registry.get     vary: 'Accept' } ]
139 silly addNameRange number 2 { name: 'serve-favicon',
139 silly addNameRange   range: '>=2.1.3-0 <2.2.0-0',
139 silly addNameRange   hasData: true }
140 silly addNameRange versions [ 'serve-favicon',
140 silly addNameRange   [ '2.0.0',
140 silly addNameRange     '2.0.1',
140 silly addNameRange     '2.1.0',
140 silly addNameRange     '2.1.1',
140 silly addNameRange     '2.1.2',
140 silly addNameRange     '2.1.3',
140 silly addNameRange     '2.1.4',
140 silly addNameRange     '2.1.5',
140 silly addNameRange     '2.1.6' ] ]
141 verbose addNamed [ 'serve-favicon', '2.1.6' ]
142 verbose addNamed [ '2.1.6', '2.1.6' ]
143 silly lockFile 4a3fd20c-serve-favicon-2-1-6 serve-favicon@2.1.6
144 verbose lock serve-favicon@2.1.6 /home/graham/.npm/4a3fd20c-serve-favicon-2-1-6.lock
145 silly lockFile a2799163--favicon-serve-favicon-2-1-6-tgz http://registry.npmjs.org/serve-favicon/-/serve-favicon-2.1.6.tgz
146 verbose lock http://registry.npmjs.org/serve-favicon/-/serve-favicon-2.1.6.tgz /home/graham/.npm/a2799163--favicon-serve-favicon-2-1-6-tgz.lock
147 verbose addRemoteTarball [ 'http://registry.npmjs.org/serve-favicon/-/serve-favicon-2.1.6.tgz',
147 verbose addRemoteTarball   '46326a9eb64a0fa5cf012a4f85efe9fda95820e5' ]
148 info retry fetch attempt 1 at 01:07:01
149 verbose fetch to= /tmp/npm-1585-QKuGYVWe/registry.npmjs.org/serve-favicon/-/serve-favicon-2.1.6.tgz
150 http GET http://registry.npmjs.org/serve-favicon/-/serve-favicon-2.1.6.tgz
151 http 200 http://registry.npmjs.org/morgan
152 silly registry.get cb [ 200,
152 silly registry.get   { server: 'CouchDB/1.5.0 (Erlang OTP/R16B03)',
152 silly registry.get     etag: '"EH8BHL222U5YG2D6ZTV4DP5IO"',
152 silly registry.get     'content-type': 'application/json',
152 silly registry.get     'cache-control': 'max-age=60',
152 silly registry.get     'content-length': '28557',
152 silly registry.get     'accept-ranges': 'bytes',
152 silly registry.get     date: 'Fri, 31 Oct 2014 05:07:02 GMT',
152 silly registry.get     via: '1.1 varnish',
152 silly registry.get     age: '0',
152 silly registry.get     connection: 'keep-alive',
152 silly registry.get     'x-served-by': 'cache-jfk1026-JFK',
152 silly registry.get     'x-cache': 'HIT',
152 silly registry.get     'x-cache-hits': '1',
152 silly registry.get     'x-timer': 'S1414732022.616828,VS0,VE81',
152 silly registry.get     vary: 'Accept' } ]
153 silly addNameRange number 2 { name: 'morgan', range: '>=1.3.0-0 <1.4.0-0', hasData: true }
154 silly addNameRange versions [ 'morgan',
154 silly addNameRange   [ '1.0.0',
154 silly addNameRange     '1.0.1',
154 silly addNameRange     '1.1.0',
154 silly addNameRange     '1.1.1',
154 silly addNameRange     '1.2.0',
154 silly addNameRange     '1.2.1',
154 silly addNameRange     '1.2.2',
154 silly addNameRange     '1.2.3',
154 silly addNameRange     '1.3.0',
154 silly addNameRange     '1.3.1',
154 silly addNameRange     '1.3.2',
154 silly addNameRange     '1.4.0',
154 silly addNameRange     '1.4.1' ] ]
155 verbose addNamed [ 'morgan', '1.3.2' ]
156 verbose addNamed [ '1.3.2', '1.3.2' ]
157 silly lockFile 7e2b41c6-morgan-1-3-2 morgan@1.3.2
158 verbose lock morgan@1.3.2 /home/graham/.npm/7e2b41c6-morgan-1-3-2.lock
159 silly lockFile 8f148b58-pmjs-org-morgan-morgan-1-3-2-tgz http://registry.npmjs.org/morgan/-/morgan-1.3.2.tgz
160 verbose lock http://registry.npmjs.org/morgan/-/morgan-1.3.2.tgz /home/graham/.npm/8f148b58-pmjs-org-morgan-morgan-1-3-2-tgz.lock
161 verbose addRemoteTarball [ 'http://registry.npmjs.org/morgan/-/morgan-1.3.2.tgz',
161 verbose addRemoteTarball   'ac41aa15221ee4e5f2ac843896b6918139a18efd' ]
162 info retry fetch attempt 1 at 01:07:01
163 verbose fetch to= /tmp/npm-1585-QKuGYVWe/registry.npmjs.org/morgan/-/morgan-1.3.2.tgz
164 http GET http://registry.npmjs.org/morgan/-/morgan-1.3.2.tgz
165 http 200 http://registry.npmjs.org/body-parser
166 silly registry.get cb [ 200,
166 silly registry.get   { server: 'CouchDB/1.5.0 (Erlang OTP/R16B03)',
166 silly registry.get     etag: '"8N8TB9DH42SNVBLQ4I625KHI9"',
166 silly registry.get     'content-type': 'application/json',
166 silly registry.get     'cache-control': 'max-age=60',
166 silly registry.get     'content-length': '71546',
166 silly registry.get     'accept-ranges': 'bytes',
166 silly registry.get     date: 'Fri, 31 Oct 2014 05:07:02 GMT',
166 silly registry.get     via: '1.1 varnish',
166 silly registry.get     age: '0',
166 silly registry.get     connection: 'keep-alive',
166 silly registry.get     'x-served-by': 'cache-iad2128-IAD',
166 silly registry.get     'x-cache': 'HIT',
166 silly registry.get     'x-cache-hits': '1',
166 silly registry.get     'x-timer': 'S1414732022.628758,VS0,VE55',
166 silly registry.get     vary: 'Accept' } ]
167 http 304 http://registry.npmjs.org/debug
168 silly registry.get cb [ 304,
168 silly registry.get   { date: 'Fri, 31 Oct 2014 05:07:02 GMT',
168 silly registry.get     via: '1.1 varnish',
168 silly registry.get     'last-modified': 'Fri, 31 Oct 2014 05:06:36 GMT',
168 silly registry.get     'cache-control': 'max-age=60',
168 silly registry.get     etag: '"BWMD72JWBAIND5V8QRU6MMLCL"',
168 silly registry.get     age: '28',
168 silly registry.get     connection: 'keep-alive',
168 silly registry.get     'x-served-by': 'cache-jfk1026-JFK',
168 silly registry.get     'x-cache': 'HIT',
168 silly registry.get     'x-cache-hits': '3',
168 silly registry.get     'x-timer': 'S1414732022.746414,VS0,VE0',
168 silly registry.get     vary: 'Accept' } ]
169 verbose etag http://registry.npmjs.org/debug from cache
170 silly addNameRange number 2 { name: 'body-parser',
170 silly addNameRange   range: '>=1.8.1-0 <1.9.0-0',
170 silly addNameRange   hasData: true }
171 silly addNameRange versions [ 'body-parser',
171 silly addNameRange   [ '1.0.0',
171 silly addNameRange     '1.0.1',
171 silly addNameRange     '1.0.2',
171 silly addNameRange     '1.1.0',
171 silly addNameRange     '1.1.1',
171 silly addNameRange     '1.1.2',
171 silly addNameRange     '1.2.0',
171 silly addNameRange     '1.2.1',
171 silly addNameRange     '1.2.2',
171 silly addNameRange     '1.3.0',
171 silly addNameRange     '1.3.1',
171 silly addNameRange     '1.4.0',
171 silly addNameRange     '1.4.1',
171 silly addNameRange     '1.4.2',
171 silly addNameRange     '1.4.3',
171 silly addNameRange     '1.5.0',
171 silly addNameRange     '1.5.1',
171 silly addNameRange     '1.5.2',
171 silly addNameRange     '1.6.0',
171 silly addNameRange     '1.6.1',
171 silly addNameRange     '1.6.2',
171 silly addNameRange     '1.6.3',
171 silly addNameRange     '1.6.4',
171 silly addNameRange     '1.6.5',
171 silly addNameRange     '1.6.6',
171 silly addNameRange     '1.6.7',
171 silly addNameRange     '1.7.0',
171 silly addNameRange     '1.8.0',
171 silly addNameRange     '1.8.1',
171 silly addNameRange     '1.8.2',
171 silly addNameRange     '1.8.3',
171 silly addNameRange     '1.8.4',
171 silly addNameRange     '1.9.0',
171 silly addNameRange     '1.9.1',
171 silly addNameRange     '1.9.2' ] ]
172 verbose addNamed [ 'body-parser', '1.8.4' ]
173 verbose addNamed [ '1.8.4', '1.8.4' ]
174 silly lockFile 5cba912c-body-parser-1-8-4 body-parser@1.8.4
175 verbose lock body-parser@1.8.4 /home/graham/.npm/5cba912c-body-parser-1-8-4.lock
176 http 304 http://registry.npmjs.org/express
177 silly registry.get cb [ 304,
177 silly registry.get   { date: 'Fri, 31 Oct 2014 05:07:02 GMT',
177 silly registry.get     via: '1.1 varnish',
177 silly registry.get     'last-modified': 'Fri, 31 Oct 2014 05:07:02 GMT',
177 silly registry.get     'cache-control': 'max-age=60',
177 silly registry.get     etag: '"4S43F3PLUS7W9HE2GTWOWGR0X"',
177 silly registry.get     age: '0',
177 silly registry.get     connection: 'keep-alive',
177 silly registry.get     'x-served-by': 'cache-jfk1024-JFK',
177 silly registry.get     'x-cache': 'HIT',
177 silly registry.get     'x-cache-hits': '1',
177 silly registry.get     'x-timer': 'S1414732022.703793,VS0,VE86',
177 silly registry.get     vary: 'Accept' } ]
178 verbose etag http://registry.npmjs.org/express from cache
179 silly addNameRange number 2 { name: 'debug', range: '>=2.0.0-0 <2.1.0-0', hasData: true }
180 silly addNameRange versions [ 'debug',
180 silly addNameRange   [ '0.0.1',
180 silly addNameRange     '0.1.0',
180 silly addNameRange     '0.2.0',
180 silly addNameRange     '0.3.0',
180 silly addNameRange     '0.4.0',
180 silly addNameRange     '0.4.1',
180 silly addNameRange     '0.5.0',
180 silly addNameRange     '0.6.0',
180 silly addNameRange     '0.7.0',
180 silly addNameRange     '0.7.1',
180 silly addNameRange     '0.7.2',
180 silly addNameRange     '0.7.3',
180 silly addNameRange     '0.7.4',
180 silly addNameRange     '0.8.0',
180 silly addNameRange     '0.8.1',
180 silly addNameRange     '1.0.0',
180 silly addNameRange     '1.0.1',
180 silly addNameRange     '1.0.2',
180 silly addNameRange     '1.0.3',
180 silly addNameRange     '1.0.4',
180 silly addNameRange     '2.0.0',
180 silly addNameRange     '2.1.0' ] ]
181 verbose addNamed [ 'debug', '2.0.0' ]
182 verbose addNamed [ '2.0.0', '2.0.0' ]
183 silly lockFile 095bd820-debug-2-0-0 debug@2.0.0
184 verbose lock debug@2.0.0 /home/graham/.npm/095bd820-debug-2-0-0.lock
185 silly lockFile c28335be-ody-parser-body-parser-1-8-4-tgz http://registry.npmjs.org/body-parser/-/body-parser-1.8.4.tgz
186 verbose lock http://registry.npmjs.org/body-parser/-/body-parser-1.8.4.tgz /home/graham/.npm/c28335be-ody-parser-body-parser-1-8-4-tgz.lock
187 http 200 http://registry.npmjs.org/serve-favicon/-/serve-favicon-2.1.6.tgz
188 silly lockFile 0f051183--npmjs-org-debug-debug-2-0-0-tgz http://registry.npmjs.org/debug/-/debug-2.0.0.tgz
189 verbose lock http://registry.npmjs.org/debug/-/debug-2.0.0.tgz /home/graham/.npm/0f051183--npmjs-org-debug-debug-2-0-0-tgz.lock
190 verbose addRemoteTarball [ 'http://registry.npmjs.org/body-parser/-/body-parser-1.8.4.tgz',
190 verbose addRemoteTarball   'd497e04bc13b3f9a8bd8c70bb0cdc16f2e028898' ]
191 verbose addRemoteTarball [ 'http://registry.npmjs.org/debug/-/debug-2.0.0.tgz',
191 verbose addRemoteTarball   '89bd9df6732b51256bc6705342bba02ed12131ef' ]
192 info retry fetch attempt 1 at 01:07:01
193 verbose fetch to= /tmp/npm-1585-QKuGYVWe/registry.npmjs.org/body-parser/-/body-parser-1.8.4.tgz
194 silly addNameRange number 2 { name: 'express', range: '>=4.9.0-0 <4.10.0-0', hasData: true }
195 silly addNameRange versions [ 'express',
195 silly addNameRange   [ '0.14.0',
195 silly addNameRange     '0.14.1',
195 silly addNameRange     '1.0.0',
195 silly addNameRange     '1.0.1',
195 silly addNameRange     '1.0.2',
195 silly addNameRange     '1.0.3',
195 silly addNameRange     '1.0.4',
195 silly addNameRange     '1.0.5',
195 silly addNameRange     '1.0.6',
195 silly addNameRange     '1.0.7',
195 silly addNameRange     '1.0.8',
195 silly addNameRange     '2.0.0',
195 silly addNameRange     '2.1.0',
195 silly addNameRange     '2.1.1',
195 silly addNameRange     '2.2.0',
195 silly addNameRange     '2.2.1',
195 silly addNameRange     '2.2.2',
195 silly addNameRange     '2.3.0',
195 silly addNameRange     '2.3.1',
195 silly addNameRange     '2.3.2',
195 silly addNameRange     '2.3.3',
195 silly addNameRange     '2.3.4',
195 silly addNameRange     '2.3.5',
195 silly addNameRange     '2.3.6',
195 silly addNameRange     '2.3.7',
195 silly addNameRange     '2.3.8',
195 silly addNameRange     '2.3.9',
195 silly addNameRange     '2.3.10',
195 silly addNameRange     '2.3.11',
195 silly addNameRange     '2.3.12',
195 silly addNameRange     '2.4.0',
195 silly addNameRange     '2.4.1',
195 silly addNameRange     '2.4.2',
195 silly addNameRange     '2.4.3',
195 silly addNameRange     '2.4.4',
195 silly addNameRange     '2.4.5',
195 silly addNameRange     '2.4.6',
195 silly addNameRange     '2.4.7',
195 silly addNameRange     '2.5.0',
195 silly addNameRange     '2.5.1',
195 silly addNameRange     '2.5.2',
195 silly addNameRange     '2.5.3',
195 silly addNameRange     '2.5.4',
195 silly addNameRange     '2.5.5',
195 silly addNameRange     '2.5.6',
195 silly addNameRange     '2.5.7',
195 silly addNameRange     '2.5.8',
195 silly addNameRange     '2.5.9',
195 silly addNameRange     '2.5.10',
195 silly addNameRange     '2.5.11',
195 silly addNameRange     '3.0.0',
195 silly addNameRange     '3.0.1',
195 silly addNameRange     '3.0.2',
195 silly addNameRange     '3.0.3',
195 silly addNameRange     '3.0.4',
195 silly addNameRange     '3.0.5',
195 silly addNameRange     '3.0.6',
195 silly addNameRange     '3.1.0',
195 silly addNameRange     '3.1.1',
195 silly addNameRange     '3.1.2',
195 silly addNameRange     '3.2.0',
195 silly addNameRange     '3.2.1',
195 silly addNameRange     '3.2.2',
195 silly addNameRange     '3.2.3',
195 silly addNameRange     '3.2.4',
195 silly addNameRange     '3.2.5',
195 silly addNameRange     '3.2.6',
195 silly addNameRange     '3.3.0',
195 silly addNameRange     '3.3.1',
195 silly addNameRange     '3.3.2',
195 silly addNameRange     '3.3.3',
195 silly addNameRange     '3.3.4',
195 silly addNameRange     '3.3.5',
195 silly addNameRange     '3.3.6',
195 silly addNameRange     '1.0.0-beta',
195 silly addNameRange     '1.0.0-beta2',
195 silly addNameRange     '1.0.0-rc',
195 silly addNameRange     '1.0.0-rc2',
195 silly addNameRange     '1.0.0-rc3',
195 silly addNameRange     '1.0.0-rc4',
195 silly addNameRange     '2.0.0-beta',
195 silly addNameRange     '2.0.0-beta2',
195 silly addNameRange     '2.0.0-beta3',
195 silly addNameRange     '2.0.0-rc',
195 silly addNameRange     '2.0.0-rc2',
195 silly addNameRange     '2.0.0-rc3',
195 silly addNameRange     '3.0.0-alpha1',
195 silly addNameRange     '3.0.0-alpha2',
195 silly addNameRange     '3.0.0-alpha3',
195 silly addNameRange     '3.0.0-alpha4',
195 silly addNameRange     '3.0.0-alpha5',
195 silly addNameRange     '3.0.0-beta1',
195 silly addNameRange     '3.0.0-beta2',
195 silly addNameRange     '3.0.0-beta3',
195 silly addNameRange     '3.0.0-beta4',
195 silly addNameRange     '3.0.0-beta6',
195 silly addNameRange     '3.0.0-beta7',
195 silly addNameRange     '3.0.0-rc1',
195 silly addNameRange     '3.0.0-rc2',
195 silly addNameRange     '3.0.0-rc3',
195 silly addNameRange     '3.0.0-rc4',
195 silly addNameRange     '3.0.0-rc5',
195 silly addNameRange     '3.3.7',
195 silly addNameRange     '3.3.8',
195 silly addNameRange     '3.4.0',
195 silly addNameRange     '3.4.1',
195 silly addNameRange     '3.4.2',
195 silly addNameRange     '3.4.3',
195 silly addNameRange     '3.4.4',
195 silly addNameRange     '3.4.5',
195 silly addNameRange     '3.4.6',
195 silly addNameRange     '3.4.7',
195 silly addNameRange     '3.4.8',
195 silly addNameRange     '4.0.0-rc1',
195 silly addNameRange     '4.0.0-rc2',
195 silly addNameRange     '3.5.0',
195 silly addNameRange     '4.0.0-rc3',
195 silly addNameRange     '4.0.0-rc4',
195 silly addNameRange     '3.5.1',
195 silly addNameRange     '4.0.0',
195 silly addNameRange     '3.5.2',
195 silly addNameRange     '4.1.0',
195 silly addNameRange     '4.1.1',
195 silly addNameRange     '3.5.3',
195 silly addNameRange     '4.1.2',
195 silly addNameRange     '3.6.0',
195 silly addNameRange     '4.2.0',
195 silly addNameRange     '3.7.0',
195 silly addNameRange     '3.8.0',
195 silly addNameRange     '4.3.0',
195 silly addNameRange     '4.3.1',
195 silly addNameRange     '3.8.1',
195 silly addNameRange     '4.3.2',
195 silly addNameRange     '3.9.0',
195 silly addNameRange     '4.4.0',
195 silly addNameRange     '4.4.1',
195 silly addNameRange     '3.10.0',
195 silly addNameRange     '3.10.1',
195 silly addNameRange     '3.10.2',
195 silly addNameRange     '3.10.3',
195 silly addNameRange     '3.10.4',
195 silly addNameRange     '4.4.2',
195 silly addNameRange     '3.10.5',
195 silly addNameRange     '4.4.3',
195 silly addNameRange     '3.11.0',
195 silly addNameRange     '4.4.4',
195 silly addNameRange     '3.12.0',
195 silly addNameRange     '3.12.1',
195 silly addNameRange     '4.4.5',
195 silly addNameRange     '3.13.0',
195 silly addNameRange     '4.5.0',
195 silly addNameRange     '4.5.1',
195 silly addNameRange     '3.14.0',
195 silly addNameRange     '4.6.0',
195 silly addNameRange     '4.6.1',
195 silly addNameRange     '3.15.0',
195 silly addNameRange     '4.7.0',
195 silly addNameRange     '3.15.1',
195 silly addNameRange     '4.7.1',
195 silly addNameRange     '3.15.2',
195 silly addNameRange     '4.7.2',
195 silly addNameRange     '4.7.3',
195 silly addNameRange     '3.15.3',
195 silly addNameRange     '4.7.4',
195 silly addNameRange     '3.16.0',
195 silly addNameRange     '4.8.0',
195 silly addNameRange     '3.16.1',
195 silly addNameRange     '4.8.1',
195 silly addNameRange     '3.16.2',
195 silly addNameRange     '4.8.2',
195 silly addNameRange     '3.16.3',
195 silly addNameRange     '3.16.4',
195 silly addNameRange     '4.8.3',
195 silly addNameRange     '3.16.5',
195 silly addNameRange     '3.16.6',
195 silly addNameRange     '4.8.4',
195 silly addNameRange     '3.16.7',
195 silly addNameRange     '4.8.5',
195 silly addNameRange     '3.16.8',
195 silly addNameRange     '4.8.6',
195 silly addNameRange     '3.16.9',
195 silly addNameRange     '4.8.7',
195 silly addNameRange     '3.16.10',
195 silly addNameRange     '4.8.8',
195 silly addNameRange     '3.17.0',
195 silly addNameRange     '3.17.1',
195 silly addNameRange     '4.9.0',
195 silly addNameRange     '3.17.2',
195 silly addNameRange     '4.9.1',
195 silly addNameRange     '4.9.2',
195 silly addNameRange     '3.17.3',
195 silly addNameRange     '4.9.3',
195 silly addNameRange     '3.17.4',
195 silly addNameRange     '4.9.4',
195 silly addNameRange     '3.17.5',
195 silly addNameRange     '4.9.5',
195 silly addNameRange     '3.17.6',
195 silly addNameRange     '3.17.7',
195 silly addNameRange     '4.9.6',
195 silly addNameRange     '4.9.7',
195 silly addNameRange     '3.17.8',
195 silly addNameRange     '4.9.8',
195 silly addNameRange     '3.18.0',
195 silly addNameRange     '3.18.1',
195 silly addNameRange     '4.10.0',
195 silly addNameRange     '3.18.2',
195 silly addNameRange     '4.10.1' ] ]
196 verbose addNamed [ 'express', '4.9.8' ]
197 verbose addNamed [ '4.9.8', '4.9.8' ]
198 silly lockFile 3e3a25f6-express-4-9-8 express@4.9.8
199 verbose lock express@4.9.8 /home/graham/.npm/3e3a25f6-express-4-9-8.lock
200 info retry fetch attempt 1 at 01:07:01
201 verbose fetch to= /tmp/npm-1585-QKuGYVWe/registry.npmjs.org/debug/-/debug-2.0.0.tgz
202 http 200 http://registry.npmjs.org/jade
203 silly registry.get cb [ 200,
203 silly registry.get   { server: 'CouchDB/1.5.0 (Erlang OTP/R14B04)',
203 silly registry.get     etag: '"3PSZWN7CMEV1P25DOBLJKZHY5"',
203 silly registry.get     'content-type': 'application/json',
203 silly registry.get     'cache-control': 'max-age=60',
203 silly registry.get     'content-length': '127453',
203 silly registry.get     'accept-ranges': 'bytes',
203 silly registry.get     date: 'Fri, 31 Oct 2014 05:07:02 GMT',
203 silly registry.get     via: '1.1 varnish',
203 silly registry.get     age: '33',
203 silly registry.get     connection: 'keep-alive',
203 silly registry.get     'x-served-by': 'cache-atl6221-ATL',
203 silly registry.get     'x-cache': 'HIT',
203 silly registry.get     'x-cache-hits': '1',
203 silly registry.get     'x-timer': 'S1414732022.674732,VS0,VE0',
203 silly registry.get     vary: 'Accept' } ]
204 http 200 http://registry.npmjs.org/morgan/-/morgan-1.3.2.tgz
205 http GET http://registry.npmjs.org/body-parser/-/body-parser-1.8.4.tgz
206 http GET http://registry.npmjs.org/debug/-/debug-2.0.0.tgz
207 silly lockFile 09d92aee-js-org-express-express-4-9-8-tgz http://registry.npmjs.org/express/-/express-4.9.8.tgz
208 verbose lock http://registry.npmjs.org/express/-/express-4.9.8.tgz /home/graham/.npm/09d92aee-js-org-express-express-4-9-8-tgz.lock
209 verbose addRemoteTarball [ 'http://registry.npmjs.org/express/-/express-4.9.8.tgz',
209 verbose addRemoteTarball   'f360f596baeabbd0e5223b603d6eb578d9d2d10d' ]
210 info retry fetch attempt 1 at 01:07:01
211 verbose fetch to= /tmp/npm-1585-QKuGYVWe/registry.npmjs.org/express/-/express-4.9.8.tgz
212 silly addNameRange number 2 { name: 'jade', range: '>=1.6.0-0 <1.7.0-0', hasData: true }
213 silly addNameRange versions [ 'jade',
213 silly addNameRange   [ '0.0.1',
213 silly addNameRange     '0.0.2',
213 silly addNameRange     '0.1.0',
213 silly addNameRange     '0.2.0',
213 silly addNameRange     '0.2.1',
213 silly addNameRange     '0.2.2',
213 silly addNameRange     '0.2.3',
213 silly addNameRange     '0.2.4',
213 silly addNameRange     '0.3.0',
213 silly addNameRange     '0.4.0',
213 silly addNameRange     '0.4.1',
213 silly addNameRange     '0.5.0',
213 silly addNameRange     '0.5.1',
213 silly addNameRange     '0.5.2',
213 silly addNameRange     '0.5.3',
213 silly addNameRange     '0.5.4',
213 silly addNameRange     '0.5.5',
213 silly addNameRange     '0.5.6',
213 silly addNameRange     '0.5.7',
213 silly addNameRange     '0.6.0',
213 silly addNameRange     '0.6.1',
213 silly addNameRange     '0.6.3',
213 silly addNameRange     '0.7.0',
213 silly addNameRange     '0.7.1',
213 silly addNameRange     '0.8.0',
213 silly addNameRange     '0.8.1',
213 silly addNameRange     '0.8.2',
213 silly addNameRange     '0.8.3',
213 silly addNameRange     '0.8.4',
213 silly addNameRange     '0.8.5',
213 silly addNameRange     '0.8.6',
213 silly addNameRange     '0.8.7',
213 silly addNameRange     '0.8.8',
213 silly addNameRange     '0.8.9',
213 silly addNameRange     '0.9.0',
213 silly addNameRange     '0.9.1',
213 silly addNameRange     '0.9.2',
213 silly addNameRange     '0.9.3',
213 silly addNameRange     '0.10.0',
213 silly addNameRange     '0.10.1',
213 silly addNameRange     '0.10.2',
213 silly addNameRange     '0.10.3',
213 silly addNameRange     '0.10.4',
213 silly addNameRange     '0.10.5',
213 silly addNameRange     '0.10.6',
213 silly addNameRange     '0.10.7',
213 silly addNameRange     '0.11.0',
213 silly addNameRange     '0.11.1',
213 silly addNameRange     '0.12.0',
213 silly addNameRange     '0.12.1',
213 silly addNameRange     '0.12.2',
213 silly addNameRange     '0.12.3',
213 silly addNameRange     '0.12.4',
213 silly addNameRange     '0.13.0',
213 silly addNameRange     '0.14.0',
213 silly addNameRange     '0.14.1',
213 silly addNameRange     '0.14.2',
213 silly addNameRange     '0.15.0',
213 silly addNameRange     '0.15.1',
213 silly addNameRange     '0.15.2',
213 silly addNameRange     '0.15.3',
213 silly addNameRange     '0.15.4',
213 silly addNameRange     '0.16.0',
213 silly addNameRange     '0.16.1',
213 silly addNameRange     '0.16.2',
213 silly addNameRange     '0.16.3',
213 silly addNameRange     '0.16.4',
213 silly addNameRange     '0.17.0',
213 silly addNameRange     '0.18.0',
213 silly addNameRange     '0.19.0',
213 silly addNameRange     '0.20.0',
213 silly addNameRange     '0.20.1',
213 silly addNameRange     '0.20.2',
213 silly addNameRange     '0.20.3',
213 silly addNameRange     '0.21.0',
213 silly addNameRange     '0.22.0',
213 silly addNameRange     '0.22.1',
213 silly addNameRange     '0.23.0',
213 silly addNameRange     '0.24.0',
213 silly addNameRange     '0.25.0',
213 silly addNameRange     '0.26.0',
213 silly addNameRange     '0.26.1',
213 silly addNameRange     '0.26.2',
213 silly addNameRange     '0.26.3',
213 silly addNameRange     '0.27.0',
213 silly addNameRange     '0.27.1',
213 silly addNameRange     '0.27.2',
213 silly addNameRange     '0.27.3',
213 silly addNameRange     '0.27.4',
213 silly addNameRange     '0.27.5',
213 silly addNameRange     '0.27.6',
213 silly addNameRange     '0.27.7',
213 silly addNameRange     '0.28.0',
213 silly addNameRange     '0.28.1',
213 silly addNameRange     '0.28.2',
213 silly addNameRange     '0.29.0',
213 silly addNameRange     '0.30.0',
213 silly addNameRange     '0.31.0',
213 silly addNameRange     '0.31.1',
213 silly addNameRange     '0.31.2',
213 silly addNameRange     '0.32.0',
213 silly addNameRange     '0.33.0',
213 silly addNameRange     '0.34.0',
213 silly addNameRange     '0.34.1',
213 silly addNameRange     '0.35.0',
213 silly addNameRange     '1.0.0',
213 silly addNameRange     '1.0.1',
213 silly addNameRange     '1.0.2',
213 silly addNameRange     '1.1.0',
213 silly addNameRange     '1.1.1',
213 silly addNameRange     '1.1.2',
213 silly addNameRange     '1.1.3',
213 silly addNameRange     '1.1.4',
213 silly addNameRange     '1.1.5',
213 silly addNameRange     '1.2.0',
213 silly addNameRange     '1.3.0',
213 silly addNameRange     '1.3.1',
213 silly addNameRange     '1.4.0',
213 silly addNameRange     '1.4.1',
213 silly addNameRange     '1.4.2',
213 silly addNameRange     '1.5.0',
213 silly addNameRange     '1.6.0',
213 silly addNameRange     '1.7.0' ] ]
214 verbose addNamed [ 'jade', '1.6.0' ]
215 verbose addNamed [ '1.6.0', '1.6.0' ]
216 silly lockFile c06071bd-jade-1-6-0 jade@1.6.0
217 verbose lock jade@1.6.0 /home/graham/.npm/c06071bd-jade-1-6-0.lock
218 http GET http://registry.npmjs.org/express/-/express-4.9.8.tgz
219 http 200 http://registry.npmjs.org/cookie-parser
220 silly registry.get cb [ 200,
220 silly registry.get   { server: 'CouchDB/1.5.0 (Erlang OTP/R14B04)',
220 silly registry.get     etag: '"D2I21Z55J0M83YHA636O1DW9K"',
220 silly registry.get     'content-type': 'application/json',
220 silly registry.get     'cache-control': 'max-age=60',
220 silly registry.get     'content-length': '14080',
220 silly registry.get     'accept-ranges': 'bytes',
220 silly registry.get     date: 'Fri, 31 Oct 2014 05:07:02 GMT',
220 silly registry.get     via: '1.1 varnish',
220 silly registry.get     age: '0',
220 silly registry.get     connection: 'keep-alive',
220 silly registry.get     'x-served-by': 'cache-atl6231-ATL',
220 silly registry.get     'x-cache': 'HIT',
220 silly registry.get     'x-cache-hits': '1',
220 silly registry.get     'x-timer': 'S1414732022.644514,VS0,VE315',
220 silly registry.get     vary: 'Accept' } ]
221 silly lockFile cca68e6c-ry-npmjs-org-jade-jade-1-6-0-tgz http://registry.npmjs.org/jade/-/jade-1.6.0.tgz
222 verbose lock http://registry.npmjs.org/jade/-/jade-1.6.0.tgz /home/graham/.npm/cca68e6c-ry-npmjs-org-jade-jade-1-6-0-tgz.lock
223 silly lockFile a2799163--favicon-serve-favicon-2-1-6-tgz http://registry.npmjs.org/serve-favicon/-/serve-favicon-2.1.6.tgz
224 silly lockFile a2799163--favicon-serve-favicon-2-1-6-tgz http://registry.npmjs.org/serve-favicon/-/serve-favicon-2.1.6.tgz
225 silly lockFile 4a3fd20c-serve-favicon-2-1-6 serve-favicon@2.1.6
226 silly lockFile 4a3fd20c-serve-favicon-2-1-6 serve-favicon@2.1.6
227 verbose addRemoteTarball [ 'http://registry.npmjs.org/jade/-/jade-1.6.0.tgz',
227 verbose addRemoteTarball   'c02540cd97b1014db3c15743746bc3dcd54170f9' ]
228 silly lockFile 38295489-serve-favicon-2-1-3 serve-favicon@~2.1.3
229 silly lockFile 38295489-serve-favicon-2-1-3 serve-favicon@~2.1.3
230 info retry fetch attempt 1 at 01:07:01
231 verbose fetch to= /tmp/npm-1585-QKuGYVWe/registry.npmjs.org/jade/-/jade-1.6.0.tgz
232 silly addNameRange number 2 { name: 'cookie-parser',
232 silly addNameRange   range: '>=1.3.3-0 <1.4.0-0',
232 silly addNameRange   hasData: true }
233 silly addNameRange versions [ 'cookie-parser',
233 silly addNameRange   [ '1.0.0',
233 silly addNameRange     '1.0.1',
233 silly addNameRange     '1.1.0',
233 silly addNameRange     '1.2.0',
233 silly addNameRange     '1.3.0',
233 silly addNameRange     '1.3.1',
233 silly addNameRange     '1.3.2',
233 silly addNameRange     '1.3.3' ] ]
234 verbose addNamed [ 'cookie-parser', '1.3.3' ]
235 verbose addNamed [ '1.3.3', '1.3.3' ]
236 silly lockFile 68450bd4-cookie-parser-1-3-3 cookie-parser@1.3.3
237 verbose lock cookie-parser@1.3.3 /home/graham/.npm/68450bd4-cookie-parser-1-3-3.lock
238 http GET http://registry.npmjs.org/jade/-/jade-1.6.0.tgz
239 silly lockFile 8f148b58-pmjs-org-morgan-morgan-1-3-2-tgz http://registry.npmjs.org/morgan/-/morgan-1.3.2.tgz
240 silly lockFile 8f148b58-pmjs-org-morgan-morgan-1-3-2-tgz http://registry.npmjs.org/morgan/-/morgan-1.3.2.tgz
241 silly lockFile 7e2b41c6-morgan-1-3-2 morgan@1.3.2
242 silly lockFile 7e2b41c6-morgan-1-3-2 morgan@1.3.2
243 silly lockFile a4a9bdf4-morgan-1-3-0 morgan@~1.3.0
244 silly lockFile a4a9bdf4-morgan-1-3-0 morgan@~1.3.0
245 silly lockFile 26ad370c-e-parser-cookie-parser-1-3-3-tgz http://registry.npmjs.org/cookie-parser/-/cookie-parser-1.3.3.tgz
246 verbose lock http://registry.npmjs.org/cookie-parser/-/cookie-parser-1.3.3.tgz /home/graham/.npm/26ad370c-e-parser-cookie-parser-1-3-3-tgz.lock
247 verbose addRemoteTarball [ 'http://registry.npmjs.org/cookie-parser/-/cookie-parser-1.3.3.tgz',
247 verbose addRemoteTarball   '7e3a2c745f4b460d5a340e578a0baa5d7725fe37' ]
248 info retry fetch attempt 1 at 01:07:01
249 verbose fetch to= /tmp/npm-1585-QKuGYVWe/registry.npmjs.org/cookie-parser/-/cookie-parser-1.3.3.tgz
250 http GET http://registry.npmjs.org/cookie-parser/-/cookie-parser-1.3.3.tgz
251 http 200 http://registry.npmjs.org/body-parser/-/body-parser-1.8.4.tgz
252 http 200 http://registry.npmjs.org/debug/-/debug-2.0.0.tgz
253 http 200 http://registry.npmjs.org/jade/-/jade-1.6.0.tgz
254 silly lockFile 0f051183--npmjs-org-debug-debug-2-0-0-tgz http://registry.npmjs.org/debug/-/debug-2.0.0.tgz
255 silly lockFile 0f051183--npmjs-org-debug-debug-2-0-0-tgz http://registry.npmjs.org/debug/-/debug-2.0.0.tgz
256 silly lockFile 095bd820-debug-2-0-0 debug@2.0.0
257 silly lockFile 095bd820-debug-2-0-0 debug@2.0.0
258 silly lockFile c28335be-ody-parser-body-parser-1-8-4-tgz http://registry.npmjs.org/body-parser/-/body-parser-1.8.4.tgz
259 silly lockFile c28335be-ody-parser-body-parser-1-8-4-tgz http://registry.npmjs.org/body-parser/-/body-parser-1.8.4.tgz
260 silly lockFile 12b6356d-debug-2-0-0 debug@~2.0.0
261 silly lockFile 12b6356d-debug-2-0-0 debug@~2.0.0
262 silly lockFile 5cba912c-body-parser-1-8-4 body-parser@1.8.4
263 silly lockFile 5cba912c-body-parser-1-8-4 body-parser@1.8.4
264 silly lockFile a49948c1-body-parser-1-8-1 body-parser@~1.8.1
265 silly lockFile a49948c1-body-parser-1-8-1 body-parser@~1.8.1
266 http 200 http://registry.npmjs.org/cookie-parser/-/cookie-parser-1.3.3.tgz
267 silly lockFile 26ad370c-e-parser-cookie-parser-1-3-3-tgz http://registry.npmjs.org/cookie-parser/-/cookie-parser-1.3.3.tgz
268 silly lockFile 26ad370c-e-parser-cookie-parser-1-3-3-tgz http://registry.npmjs.org/cookie-parser/-/cookie-parser-1.3.3.tgz
269 silly lockFile 68450bd4-cookie-parser-1-3-3 cookie-parser@1.3.3
270 silly lockFile 68450bd4-cookie-parser-1-3-3 cookie-parser@1.3.3
271 silly lockFile bf5babd8-cookie-parser-1-3-3 cookie-parser@~1.3.3
272 silly lockFile bf5babd8-cookie-parser-1-3-3 cookie-parser@~1.3.3
273 http 200 http://registry.npmjs.org/express/-/express-4.9.8.tgz
274 silly lockFile cca68e6c-ry-npmjs-org-jade-jade-1-6-0-tgz http://registry.npmjs.org/jade/-/jade-1.6.0.tgz
275 silly lockFile cca68e6c-ry-npmjs-org-jade-jade-1-6-0-tgz http://registry.npmjs.org/jade/-/jade-1.6.0.tgz
276 silly lockFile c06071bd-jade-1-6-0 jade@1.6.0
277 silly lockFile c06071bd-jade-1-6-0 jade@1.6.0
278 silly lockFile ad8c17a8-jade-1-6-0 jade@~1.6.0
279 silly lockFile ad8c17a8-jade-1-6-0 jade@~1.6.0
280 silly lockFile 09d92aee-js-org-express-express-4-9-8-tgz http://registry.npmjs.org/express/-/express-4.9.8.tgz
281 silly lockFile 09d92aee-js-org-express-express-4-9-8-tgz http://registry.npmjs.org/express/-/express-4.9.8.tgz
282 silly lockFile 3e3a25f6-express-4-9-8 express@4.9.8
283 silly lockFile 3e3a25f6-express-4-9-8 express@4.9.8
284 silly lockFile 6ae7fa08-express-4-9-0 express@~4.9.0
285 silly lockFile 6ae7fa08-express-4-9-0 express@~4.9.0
286 error Error: EACCES, mkdir '/home/graham/.npm/debug/2.0.0'
286 error  { [Error: EACCES, mkdir '/home/graham/.npm/debug/2.0.0']
286 error   errno: 3,
286 error   code: 'EACCES',
286 error   path: '/home/graham/.npm/debug/2.0.0',
286 error   parent: 'app' }
287 error Please try running this command again as root/Administrator.
288 error System Linux 3.8.11
289 error command "/usr/local/bin/node" "/usr/local/bin/npm" "install"
290 error cwd /home/graham/Desktop/Programs/OOSE/ShuqGithub/Shuq/backend/ShuqServer/app
291 error node -v v0.10.33
292 error npm -v 1.4.28
293 error path /home/graham/.npm/debug/2.0.0
294 error code EACCES
295 error errno 3
296 error stack Error: EACCES, mkdir '/home/graham/.npm/debug/2.0.0'
297 verbose exit [ 3, true ]
